<?xml version="1.0" encoding="UTF-8"?>
<testsuite xmlns:xsi="http://www.w3.org/2001/XMLSchema-instance" xsi:noNamespaceSchemaLocation="https://maven.apache.org/surefire/maven-surefire-plugin/xsd/surefire-test-report.xsd" name="cs523.YouTubeVideoTrendingKafka.AppTest" time="0.159" tests="1" errors="0" skipped="0" failures="0">
  <properties>
    <property name="sun.desktop" value="gnome"/>
    <property name="awt.toolkit" value="sun.awt.X11.XToolkit"/>
    <property name="file.encoding.pkg" value="sun.io"/>
    <property name="java.specification.version" value="1.8"/>
    <property name="sun.cpu.isalist" value=""/>
    <property name="sun.jnu.encoding" value="UTF-8"/>
    <property name="java.class.path" value="/home/cloudera/Downloads/KafkaDemo/target/test-classes:/home/cloudera/Downloads/KafkaDemo/target/classes:/home/cloudera/.m2/repository/org/apache/hbase/hbase-client/1.2.0/hbase-client-1.2.0.jar:/home/cloudera/.m2/repository/org/apache/hbase/hbase-annotations/1.2.0/hbase-annotations-1.2.0.jar:/home/cloudera/.m2/repository/org/apache/hbase/hbase-protocol/1.2.0/hbase-protocol-1.2.0.jar:/home/cloudera/.m2/repository/commons-codec/commons-codec/1.9/commons-codec-1.9.jar:/home/cloudera/.m2/repository/commons-io/commons-io/2.4/commons-io-2.4.jar:/home/cloudera/.m2/repository/commons-lang/commons-lang/2.6/commons-lang-2.6.jar:/home/cloudera/.m2/repository/commons-logging/commons-logging/1.2/commons-logging-1.2.jar:/home/cloudera/.m2/repository/com/google/guava/guava/12.0.1/guava-12.0.1.jar:/home/cloudera/.m2/repository/com/google/protobuf/protobuf-java/2.5.0/protobuf-java-2.5.0.jar:/home/cloudera/.m2/repository/io/netty/netty-all/4.0.23.Final/netty-all-4.0.23.Final.jar:/home/cloudera/.m2/repository/org/apache/zookeeper/zookeeper/3.4.6/zookeeper-3.4.6.jar:/home/cloudera/.m2/repository/org/apache/htrace/htrace-core/3.1.0-incubating/htrace-core-3.1.0-incubating.jar:/home/cloudera/.m2/repository/org/codehaus/jackson/jackson-mapper-asl/1.9.13/jackson-mapper-asl-1.9.13.jar:/home/cloudera/.m2/repository/org/jruby/jcodings/jcodings/1.0.8/jcodings-1.0.8.jar:/home/cloudera/.m2/repository/org/jruby/joni/joni/2.1.2/joni-2.1.2.jar:/home/cloudera/.m2/repository/com/yammer/metrics/metrics-core/2.2.0/metrics-core-2.2.0.jar:/home/cloudera/.m2/repository/org/apache/hadoop/hadoop-auth/2.5.1/hadoop-auth-2.5.1.jar:/home/cloudera/.m2/repository/org/apache/httpcomponents/httpclient/4.2.5/httpclient-4.2.5.jar:/home/cloudera/.m2/repository/org/apache/httpcomponents/httpcore/4.2.4/httpcore-4.2.4.jar:/home/cloudera/.m2/repository/org/apache/directory/server/apacheds-kerberos-codec/2.0.0-M15/apacheds-kerberos-codec-2.0.0-M15.jar:/home/cloudera/.m2/repository/org/apache/directory/server/apacheds-i18n/2.0.0-M15/apacheds-i18n-2.0.0-M15.jar:/home/cloudera/.m2/repository/org/apache/directory/api/api-asn1-api/1.0.0-M20/api-asn1-api-1.0.0-M20.jar:/home/cloudera/.m2/repository/org/apache/directory/api/api-util/1.0.0-M20/api-util-1.0.0-M20.jar:/home/cloudera/.m2/repository/org/apache/hadoop/hadoop-common/2.5.1/hadoop-common-2.5.1.jar:/home/cloudera/.m2/repository/org/apache/hadoop/hadoop-annotations/2.5.1/hadoop-annotations-2.5.1.jar:/usr/java/jdk1.8.0_221/jre/../lib/tools.jar:/home/cloudera/.m2/repository/xmlenc/xmlenc/0.52/xmlenc-0.52.jar:/home/cloudera/.m2/repository/commons-el/commons-el/1.0/commons-el-1.0.jar:/home/cloudera/.m2/repository/commons-configuration/commons-configuration/1.6/commons-configuration-1.6.jar:/home/cloudera/.m2/repository/commons-digester/commons-digester/1.8/commons-digester-1.8.jar:/home/cloudera/.m2/repository/commons-beanutils/commons-beanutils/1.7.0/commons-beanutils-1.7.0.jar:/home/cloudera/.m2/repository/org/apache/avro/avro/1.7.4/avro-1.7.4.jar:/home/cloudera/.m2/repository/com/jcraft/jsch/0.1.42/jsch-0.1.42.jar:/home/cloudera/.m2/repository/org/apache/commons/commons-compress/1.4.1/commons-compress-1.4.1.jar:/home/cloudera/.m2/repository/org/tukaani/xz/1.0/xz-1.0.jar:/home/cloudera/.m2/repository/org/apache/hadoop/hadoop-mapreduce-client-core/2.5.1/hadoop-mapreduce-client-core-2.5.1.jar:/home/cloudera/.m2/repository/org/apache/hadoop/hadoop-yarn-common/2.5.1/hadoop-yarn-common-2.5.1.jar:/home/cloudera/.m2/repository/javax/xml/bind/jaxb-api/2.2.2/jaxb-api-2.2.2.jar:/home/cloudera/.m2/repository/javax/xml/stream/stax-api/1.0-2/stax-api-1.0-2.jar:/home/cloudera/.m2/repository/javax/activation/activation/1.1/activation-1.1.jar:/home/cloudera/.m2/repository/io/netty/netty/3.6.2.Final/netty-3.6.2.Final.jar:/home/cloudera/.m2/repository/com/github/stephenc/findbugs/findbugs-annotations/1.3.9-1/findbugs-annotations-1.3.9-1.jar:/home/cloudera/.m2/repository/log4j/log4j/1.2.17/log4j-1.2.17.jar:/home/cloudera/.m2/repository/org/apache/hbase/hbase-server/1.2.0/hbase-server-1.2.0.jar:/home/cloudera/.m2/repository/org/apache/hbase/hbase-procedure/1.2.0/hbase-procedure-1.2.0.jar:/home/cloudera/.m2/repository/org/apache/hbase/hbase-common/1.2.0/hbase-common-1.2.0-tests.jar:/home/cloudera/.m2/repository/org/apache/hbase/hbase-prefix-tree/1.2.0/hbase-prefix-tree-1.2.0.jar:/home/cloudera/.m2/repository/commons-httpclient/commons-httpclient/3.1/commons-httpclient-3.1.jar:/home/cloudera/.m2/repository/commons-collections/commons-collections/3.2.2/commons-collections-3.2.2.jar:/home/cloudera/.m2/repository/org/apache/hbase/hbase-hadoop-compat/1.2.0/hbase-hadoop-compat-1.2.0.jar:/home/cloudera/.m2/repository/org/apache/hbase/hbase-hadoop2-compat/1.2.0/hbase-hadoop2-compat-1.2.0.jar:/home/cloudera/.m2/repository/com/sun/jersey/jersey-core/1.9/jersey-core-1.9.jar:/home/cloudera/.m2/repository/com/sun/jersey/jersey-server/1.9/jersey-server-1.9.jar:/home/cloudera/.m2/repository/asm/asm/3.1/asm-3.1.jar:/home/cloudera/.m2/repository/commons-cli/commons-cli/1.2/commons-cli-1.2.jar:/home/cloudera/.m2/repository/org/apache/commons/commons-math/2.2/commons-math-2.2.jar:/home/cloudera/.m2/repository/org/mortbay/jetty/jetty/6.1.26/jetty-6.1.26.jar:/home/cloudera/.m2/repository/org/mortbay/jetty/jetty-util/6.1.26/jetty-util-6.1.26.jar:/home/cloudera/.m2/repository/org/mortbay/jetty/jetty-sslengine/6.1.26/jetty-sslengine-6.1.26.jar:/home/cloudera/.m2/repository/org/mortbay/jetty/jsp-2.1/6.1.14/jsp-2.1-6.1.14.jar:/home/cloudera/.m2/repository/org/mortbay/jetty/jsp-api-2.1/6.1.14/jsp-api-2.1-6.1.14.jar:/home/cloudera/.m2/repository/org/mortbay/jetty/servlet-api-2.5/6.1.14/servlet-api-2.5-6.1.14.jar:/home/cloudera/.m2/repository/org/codehaus/jackson/jackson-core-asl/1.9.13/jackson-core-asl-1.9.13.jar:/home/cloudera/.m2/repository/org/codehaus/jackson/jackson-jaxrs/1.9.13/jackson-jaxrs-1.9.13.jar:/home/cloudera/.m2/repository/tomcat/jasper-compiler/5.5.23/jasper-compiler-5.5.23.jar:/home/cloudera/.m2/repository/tomcat/jasper-runtime/5.5.23/jasper-runtime-5.5.23.jar:/home/cloudera/.m2/repository/org/jamon/jamon-runtime/2.4.1/jamon-runtime-2.4.1.jar:/home/cloudera/.m2/repository/com/lmax/disruptor/3.3.0/disruptor-3.3.0.jar:/home/cloudera/.m2/repository/org/owasp/esapi/esapi/2.1.0/esapi-2.1.0.jar:/home/cloudera/.m2/repository/commons-beanutils/commons-beanutils-core/1.7.0/commons-beanutils-core-1.7.0.jar:/home/cloudera/.m2/repository/commons-fileupload/commons-fileupload/1.2/commons-fileupload-1.2.jar:/home/cloudera/.m2/repository/xom/xom/1.2.5/xom-1.2.5.jar:/home/cloudera/.m2/repository/xml-apis/xml-apis/1.3.03/xml-apis-1.3.03.jar:/home/cloudera/.m2/repository/xalan/xalan/2.7.0/xalan-2.7.0.jar:/home/cloudera/.m2/repository/org/beanshell/bsh-core/2.0b4/bsh-core-2.0b4.jar:/home/cloudera/.m2/repository/org/owasp/antisamy/antisamy/1.4.3/antisamy-1.4.3.jar:/home/cloudera/.m2/repository/org/apache/xmlgraphics/batik-css/1.7/batik-css-1.7.jar:/home/cloudera/.m2/repository/org/apache/xmlgraphics/batik-ext/1.7/batik-ext-1.7.jar:/home/cloudera/.m2/repository/org/apache/xmlgraphics/batik-util/1.7/batik-util-1.7.jar:/home/cloudera/.m2/repository/xml-apis/xml-apis-ext/1.3.04/xml-apis-ext-1.3.04.jar:/home/cloudera/.m2/repository/net/sourceforge/nekohtml/nekohtml/1.9.12/nekohtml-1.9.12.jar:/home/cloudera/.m2/repository/org/apache/hadoop/hadoop-client/2.5.1/hadoop-client-2.5.1.jar:/home/cloudera/.m2/repository/org/apache/hadoop/hadoop-mapreduce-client-app/2.5.1/hadoop-mapreduce-client-app-2.5.1.jar:/home/cloudera/.m2/repository/org/apache/hadoop/hadoop-mapreduce-client-common/2.5.1/hadoop-mapreduce-client-common-2.5.1.jar:/home/cloudera/.m2/repository/org/apache/hadoop/hadoop-yarn-client/2.5.1/hadoop-yarn-client-2.5.1.jar:/home/cloudera/.m2/repository/com/sun/jersey/jersey-client/1.9/jersey-client-1.9.jar:/home/cloudera/.m2/repository/org/apache/hadoop/hadoop-yarn-server-common/2.5.1/hadoop-yarn-server-common-2.5.1.jar:/home/cloudera/.m2/repository/org/apache/hadoop/hadoop-mapreduce-client-shuffle/2.5.1/hadoop-mapreduce-client-shuffle-2.5.1.jar:/home/cloudera/.m2/repository/org/apache/hadoop/hadoop-yarn-api/2.5.1/hadoop-yarn-api-2.5.1.jar:/home/cloudera/.m2/repository/org/apache/hadoop/hadoop-mapreduce-client-jobclient/2.5.1/hadoop-mapreduce-client-jobclient-2.5.1.jar:/home/cloudera/.m2/repository/org/apache/hadoop/hadoop-hdfs/2.5.1/hadoop-hdfs-2.5.1.jar:/home/cloudera/.m2/repository/commons-daemon/commons-daemon/1.0.13/commons-daemon-1.0.13.jar:/home/cloudera/.m2/repository/org/apache/hbase/hbase-common/1.2.0/hbase-common-1.2.0.jar:/home/cloudera/.m2/repository/junit/junit/4.11/junit-4.11.jar:/home/cloudera/.m2/repository/org/hamcrest/hamcrest-core/1.3/hamcrest-core-1.3.jar:/home/cloudera/.m2/repository/org/apache/kafka/kafka-clients/0.10.2.2/kafka-clients-0.10.2.2.jar:/home/cloudera/.m2/repository/net/jpountz/lz4/lz4/1.3.0/lz4-1.3.0.jar:/home/cloudera/.m2/repository/org/xerial/snappy/snappy-java/1.1.2.6/snappy-java-1.1.2.6.jar:/home/cloudera/.m2/repository/org/slf4j/slf4j-api/1.7.21/slf4j-api-1.7.21.jar:/home/cloudera/.m2/repository/org/apache/logging/log4j/log4j-core/2.11.2/log4j-core-2.11.2.jar:/home/cloudera/.m2/repository/org/apache/logging/log4j/log4j-api/2.11.2/log4j-api-2.11.2.jar:/home/cloudera/.m2/repository/org/apache/spark/spark-streaming-kafka-0-10_2.11/2.2.0/spark-streaming-kafka-0-10_2.11-2.2.0.jar:/home/cloudera/.m2/repository/org/apache/kafka/kafka_2.11/0.10.0.1/kafka_2.11-0.10.0.1.jar:/home/cloudera/.m2/repository/com/101tec/zkclient/0.8/zkclient-0.8.jar:/home/cloudera/.m2/repository/org/scala-lang/modules/scala-parser-combinators_2.11/1.0.4/scala-parser-combinators_2.11-1.0.4.jar:/home/cloudera/.m2/repository/org/apache/spark/spark-tags_2.11/2.2.0/spark-tags_2.11-2.2.0.jar:/home/cloudera/.m2/repository/org/spark-project/spark/unused/1.0.0/unused-1.0.0.jar:/home/cloudera/.m2/repository/org/apache/spark/spark-core_2.11/1.6.0/spark-core_2.11-1.6.0.jar:/home/cloudera/.m2/repository/org/apache/avro/avro-mapred/1.7.7/avro-mapred-1.7.7-hadoop2.jar:/home/cloudera/.m2/repository/org/apache/avro/avro-ipc/1.7.7/avro-ipc-1.7.7.jar:/home/cloudera/.m2/repository/org/apache/avro/avro-ipc/1.7.7/avro-ipc-1.7.7-tests.jar:/home/cloudera/.m2/repository/com/twitter/chill_2.11/0.5.0/chill_2.11-0.5.0.jar:/home/cloudera/.m2/repository/com/esotericsoftware/kryo/kryo/2.21/kryo-2.21.jar:/home/cloudera/.m2/repository/com/esotericsoftware/reflectasm/reflectasm/1.07/reflectasm-1.07-shaded.jar:/home/cloudera/.m2/repository/com/esotericsoftware/minlog/minlog/1.2/minlog-1.2.jar:/home/cloudera/.m2/repository/org/objenesis/objenesis/1.2/objenesis-1.2.jar:/home/cloudera/.m2/repository/com/twitter/chill-java/0.5.0/chill-java-0.5.0.jar:/home/cloudera/.m2/repository/org/apache/xbean/xbean-asm5-shaded/4.4/xbean-asm5-shaded-4.4.jar:/home/cloudera/.m2/repository/org/apache/spark/spark-launcher_2.11/1.6.0/spark-launcher_2.11-1.6.0.jar:/home/cloudera/.m2/repository/org/apache/spark/spark-network-common_2.11/1.6.0/spark-network-common_2.11-1.6.0.jar:/home/cloudera/.m2/repository/org/apache/spark/spark-network-shuffle_2.11/1.6.0/spark-network-shuffle_2.11-1.6.0.jar:/home/cloudera/.m2/repository/org/fusesource/leveldbjni/leveldbjni-all/1.8/leveldbjni-all-1.8.jar:/home/cloudera/.m2/repository/com/fasterxml/jackson/core/jackson-annotations/2.4.4/jackson-annotations-2.4.4.jar:/home/cloudera/.m2/repository/org/apache/spark/spark-unsafe_2.11/1.6.0/spark-unsafe_2.11-1.6.0.jar:/home/cloudera/.m2/repository/net/java/dev/jets3t/jets3t/0.7.1/jets3t-0.7.1.jar:/home/cloudera/.m2/repository/org/apache/curator/curator-recipes/2.4.0/curator-recipes-2.4.0.jar:/home/cloudera/.m2/repository/org/apache/curator/curator-framework/2.4.0/curator-framework-2.4.0.jar:/home/cloudera/.m2/repository/org/apache/curator/curator-client/2.4.0/curator-client-2.4.0.jar:/home/cloudera/.m2/repository/org/eclipse/jetty/orbit/javax.servlet/3.0.0.v201112011016/javax.servlet-3.0.0.v201112011016.jar:/home/cloudera/.m2/repository/org/apache/commons/commons-lang3/3.3.2/commons-lang3-3.3.2.jar:/home/cloudera/.m2/repository/org/apache/commons/commons-math3/3.4.1/commons-math3-3.4.1.jar:/home/cloudera/.m2/repository/com/google/code/findbugs/jsr305/1.3.9/jsr305-1.3.9.jar:/home/cloudera/.m2/repository/org/slf4j/jul-to-slf4j/1.7.10/jul-to-slf4j-1.7.10.jar:/home/cloudera/.m2/repository/org/slf4j/jcl-over-slf4j/1.7.10/jcl-over-slf4j-1.7.10.jar:/home/cloudera/.m2/repository/org/slf4j/slf4j-log4j12/1.7.10/slf4j-log4j12-1.7.10.jar:/home/cloudera/.m2/repository/com/ning/compress-lzf/1.0.3/compress-lzf-1.0.3.jar:/home/cloudera/.m2/repository/org/roaringbitmap/RoaringBitmap/0.5.11/RoaringBitmap-0.5.11.jar:/home/cloudera/.m2/repository/commons-net/commons-net/2.2/commons-net-2.2.jar:/home/cloudera/.m2/repository/com/typesafe/akka/akka-remote_2.11/2.3.11/akka-remote_2.11-2.3.11.jar:/home/cloudera/.m2/repository/com/typesafe/akka/akka-actor_2.11/2.3.11/akka-actor_2.11-2.3.11.jar:/home/cloudera/.m2/repository/com/typesafe/config/1.2.1/config-1.2.1.jar:/home/cloudera/.m2/repository/org/uncommons/maths/uncommons-maths/1.2.2a/uncommons-maths-1.2.2a.jar:/home/cloudera/.m2/repository/com/typesafe/akka/akka-slf4j_2.11/2.3.11/akka-slf4j_2.11-2.3.11.jar:/home/cloudera/.m2/repository/org/scala-lang/scala-library/2.11.7/scala-library-2.11.7.jar:/home/cloudera/.m2/repository/org/json4s/json4s-jackson_2.11/3.2.10/json4s-jackson_2.11-3.2.10.jar:/home/cloudera/.m2/repository/org/json4s/json4s-core_2.11/3.2.10/json4s-core_2.11-3.2.10.jar:/home/cloudera/.m2/repository/org/json4s/json4s-ast_2.11/3.2.10/json4s-ast_2.11-3.2.10.jar:/home/cloudera/.m2/repository/org/scala-lang/scalap/2.11.0/scalap-2.11.0.jar:/home/cloudera/.m2/repository/org/scala-lang/scala-compiler/2.11.0/scala-compiler-2.11.0.jar:/home/cloudera/.m2/repository/org/scala-lang/modules/scala-xml_2.11/1.0.1/scala-xml_2.11-1.0.1.jar:/home/cloudera/.m2/repository/org/apache/mesos/mesos/0.21.1/mesos-0.21.1-shaded-protobuf.jar:/home/cloudera/.m2/repository/com/clearspring/analytics/stream/2.7.0/stream-2.7.0.jar:/home/cloudera/.m2/repository/io/dropwizard/metrics/metrics-core/3.1.2/metrics-core-3.1.2.jar:/home/cloudera/.m2/repository/io/dropwizard/metrics/metrics-jvm/3.1.2/metrics-jvm-3.1.2.jar:/home/cloudera/.m2/repository/io/dropwizard/metrics/metrics-json/3.1.2/metrics-json-3.1.2.jar:/home/cloudera/.m2/repository/io/dropwizard/metrics/metrics-graphite/3.1.2/metrics-graphite-3.1.2.jar:/home/cloudera/.m2/repository/com/fasterxml/jackson/core/jackson-databind/2.4.4/jackson-databind-2.4.4.jar:/home/cloudera/.m2/repository/com/fasterxml/jackson/core/jackson-core/2.4.4/jackson-core-2.4.4.jar:/home/cloudera/.m2/repository/com/fasterxml/jackson/module/jackson-module-scala_2.11/2.4.4/jackson-module-scala_2.11-2.4.4.jar:/home/cloudera/.m2/repository/org/scala-lang/scala-reflect/2.11.2/scala-reflect-2.11.2.jar:/home/cloudera/.m2/repository/com/thoughtworks/paranamer/paranamer/2.6/paranamer-2.6.jar:/home/cloudera/.m2/repository/org/apache/ivy/ivy/2.4.0/ivy-2.4.0.jar:/home/cloudera/.m2/repository/oro/oro/2.0.8/oro-2.0.8.jar:/home/cloudera/.m2/repository/org/tachyonproject/tachyon-client/0.8.2/tachyon-client-0.8.2.jar:/home/cloudera/.m2/repository/org/tachyonproject/tachyon-underfs-hdfs/0.8.2/tachyon-underfs-hdfs-0.8.2.jar:/home/cloudera/.m2/repository/org/tachyonproject/tachyon-underfs-s3/0.8.2/tachyon-underfs-s3-0.8.2.jar:/home/cloudera/.m2/repository/org/tachyonproject/tachyon-underfs-local/0.8.2/tachyon-underfs-local-0.8.2.jar:/home/cloudera/.m2/repository/net/razorvine/pyrolite/4.9/pyrolite-4.9.jar:/home/cloudera/.m2/repository/net/sf/py4j/py4j/0.9/py4j-0.9.jar:"/>
    <property name="java.vm.vendor" value="Oracle Corporation"/>
    <property name="sun.arch.data.model" value="64"/>
    <property name="java.vendor.url" value="http://java.oracle.com/"/>
    <property name="user.timezone" value=""/>
    <property name="java.vm.specification.version" value="1.8"/>
    <property name="os.name" value="Linux"/>
    <property name="user.country" value="US"/>
    <property name="sun.java.launcher" value="SUN_STANDARD"/>
    <property name="sun.boot.library.path" value="/usr/java/jdk1.8.0_221/jre/lib/amd64"/>
    <property name="sun.java.command" value="/home/cloudera/Downloads/KafkaDemo/target/surefire/surefirebooter7853032474759270097.jar /home/cloudera/Downloads/KafkaDemo/target/surefire 2019-09-21T12-51-46_590-jvmRun1 surefire2424156813906988086tmp surefire_03436337354745585573tmp"/>
    <property name="surefire.test.class.path" value="/home/cloudera/Downloads/KafkaDemo/target/test-classes:/home/cloudera/Downloads/KafkaDemo/target/classes:/home/cloudera/.m2/repository/org/apache/hbase/hbase-client/1.2.0/hbase-client-1.2.0.jar:/home/cloudera/.m2/repository/org/apache/hbase/hbase-annotations/1.2.0/hbase-annotations-1.2.0.jar:/home/cloudera/.m2/repository/org/apache/hbase/hbase-protocol/1.2.0/hbase-protocol-1.2.0.jar:/home/cloudera/.m2/repository/commons-codec/commons-codec/1.9/commons-codec-1.9.jar:/home/cloudera/.m2/repository/commons-io/commons-io/2.4/commons-io-2.4.jar:/home/cloudera/.m2/repository/commons-lang/commons-lang/2.6/commons-lang-2.6.jar:/home/cloudera/.m2/repository/commons-logging/commons-logging/1.2/commons-logging-1.2.jar:/home/cloudera/.m2/repository/com/google/guava/guava/12.0.1/guava-12.0.1.jar:/home/cloudera/.m2/repository/com/google/protobuf/protobuf-java/2.5.0/protobuf-java-2.5.0.jar:/home/cloudera/.m2/repository/io/netty/netty-all/4.0.23.Final/netty-all-4.0.23.Final.jar:/home/cloudera/.m2/repository/org/apache/zookeeper/zookeeper/3.4.6/zookeeper-3.4.6.jar:/home/cloudera/.m2/repository/org/apache/htrace/htrace-core/3.1.0-incubating/htrace-core-3.1.0-incubating.jar:/home/cloudera/.m2/repository/org/codehaus/jackson/jackson-mapper-asl/1.9.13/jackson-mapper-asl-1.9.13.jar:/home/cloudera/.m2/repository/org/jruby/jcodings/jcodings/1.0.8/jcodings-1.0.8.jar:/home/cloudera/.m2/repository/org/jruby/joni/joni/2.1.2/joni-2.1.2.jar:/home/cloudera/.m2/repository/com/yammer/metrics/metrics-core/2.2.0/metrics-core-2.2.0.jar:/home/cloudera/.m2/repository/org/apache/hadoop/hadoop-auth/2.5.1/hadoop-auth-2.5.1.jar:/home/cloudera/.m2/repository/org/apache/httpcomponents/httpclient/4.2.5/httpclient-4.2.5.jar:/home/cloudera/.m2/repository/org/apache/httpcomponents/httpcore/4.2.4/httpcore-4.2.4.jar:/home/cloudera/.m2/repository/org/apache/directory/server/apacheds-kerberos-codec/2.0.0-M15/apacheds-kerberos-codec-2.0.0-M15.jar:/home/cloudera/.m2/repository/org/apache/directory/server/apacheds-i18n/2.0.0-M15/apacheds-i18n-2.0.0-M15.jar:/home/cloudera/.m2/repository/org/apache/directory/api/api-asn1-api/1.0.0-M20/api-asn1-api-1.0.0-M20.jar:/home/cloudera/.m2/repository/org/apache/directory/api/api-util/1.0.0-M20/api-util-1.0.0-M20.jar:/home/cloudera/.m2/repository/org/apache/hadoop/hadoop-common/2.5.1/hadoop-common-2.5.1.jar:/home/cloudera/.m2/repository/org/apache/hadoop/hadoop-annotations/2.5.1/hadoop-annotations-2.5.1.jar:/usr/java/jdk1.8.0_221/jre/../lib/tools.jar:/home/cloudera/.m2/repository/xmlenc/xmlenc/0.52/xmlenc-0.52.jar:/home/cloudera/.m2/repository/commons-el/commons-el/1.0/commons-el-1.0.jar:/home/cloudera/.m2/repository/commons-configuration/commons-configuration/1.6/commons-configuration-1.6.jar:/home/cloudera/.m2/repository/commons-digester/commons-digester/1.8/commons-digester-1.8.jar:/home/cloudera/.m2/repository/commons-beanutils/commons-beanutils/1.7.0/commons-beanutils-1.7.0.jar:/home/cloudera/.m2/repository/org/apache/avro/avro/1.7.4/avro-1.7.4.jar:/home/cloudera/.m2/repository/com/jcraft/jsch/0.1.42/jsch-0.1.42.jar:/home/cloudera/.m2/repository/org/apache/commons/commons-compress/1.4.1/commons-compress-1.4.1.jar:/home/cloudera/.m2/repository/org/tukaani/xz/1.0/xz-1.0.jar:/home/cloudera/.m2/repository/org/apache/hadoop/hadoop-mapreduce-client-core/2.5.1/hadoop-mapreduce-client-core-2.5.1.jar:/home/cloudera/.m2/repository/org/apache/hadoop/hadoop-yarn-common/2.5.1/hadoop-yarn-common-2.5.1.jar:/home/cloudera/.m2/repository/javax/xml/bind/jaxb-api/2.2.2/jaxb-api-2.2.2.jar:/home/cloudera/.m2/repository/javax/xml/stream/stax-api/1.0-2/stax-api-1.0-2.jar:/home/cloudera/.m2/repository/javax/activation/activation/1.1/activation-1.1.jar:/home/cloudera/.m2/repository/io/netty/netty/3.6.2.Final/netty-3.6.2.Final.jar:/home/cloudera/.m2/repository/com/github/stephenc/findbugs/findbugs-annotations/1.3.9-1/findbugs-annotations-1.3.9-1.jar:/home/cloudera/.m2/repository/log4j/log4j/1.2.17/log4j-1.2.17.jar:/home/cloudera/.m2/repository/org/apache/hbase/hbase-server/1.2.0/hbase-server-1.2.0.jar:/home/cloudera/.m2/repository/org/apache/hbase/hbase-procedure/1.2.0/hbase-procedure-1.2.0.jar:/home/cloudera/.m2/repository/org/apache/hbase/hbase-common/1.2.0/hbase-common-1.2.0-tests.jar:/home/cloudera/.m2/repository/org/apache/hbase/hbase-prefix-tree/1.2.0/hbase-prefix-tree-1.2.0.jar:/home/cloudera/.m2/repository/commons-httpclient/commons-httpclient/3.1/commons-httpclient-3.1.jar:/home/cloudera/.m2/repository/commons-collections/commons-collections/3.2.2/commons-collections-3.2.2.jar:/home/cloudera/.m2/repository/org/apache/hbase/hbase-hadoop-compat/1.2.0/hbase-hadoop-compat-1.2.0.jar:/home/cloudera/.m2/repository/org/apache/hbase/hbase-hadoop2-compat/1.2.0/hbase-hadoop2-compat-1.2.0.jar:/home/cloudera/.m2/repository/com/sun/jersey/jersey-core/1.9/jersey-core-1.9.jar:/home/cloudera/.m2/repository/com/sun/jersey/jersey-server/1.9/jersey-server-1.9.jar:/home/cloudera/.m2/repository/asm/asm/3.1/asm-3.1.jar:/home/cloudera/.m2/repository/commons-cli/commons-cli/1.2/commons-cli-1.2.jar:/home/cloudera/.m2/repository/org/apache/commons/commons-math/2.2/commons-math-2.2.jar:/home/cloudera/.m2/repository/org/mortbay/jetty/jetty/6.1.26/jetty-6.1.26.jar:/home/cloudera/.m2/repository/org/mortbay/jetty/jetty-util/6.1.26/jetty-util-6.1.26.jar:/home/cloudera/.m2/repository/org/mortbay/jetty/jetty-sslengine/6.1.26/jetty-sslengine-6.1.26.jar:/home/cloudera/.m2/repository/org/mortbay/jetty/jsp-2.1/6.1.14/jsp-2.1-6.1.14.jar:/home/cloudera/.m2/repository/org/mortbay/jetty/jsp-api-2.1/6.1.14/jsp-api-2.1-6.1.14.jar:/home/cloudera/.m2/repository/org/mortbay/jetty/servlet-api-2.5/6.1.14/servlet-api-2.5-6.1.14.jar:/home/cloudera/.m2/repository/org/codehaus/jackson/jackson-core-asl/1.9.13/jackson-core-asl-1.9.13.jar:/home/cloudera/.m2/repository/org/codehaus/jackson/jackson-jaxrs/1.9.13/jackson-jaxrs-1.9.13.jar:/home/cloudera/.m2/repository/tomcat/jasper-compiler/5.5.23/jasper-compiler-5.5.23.jar:/home/cloudera/.m2/repository/tomcat/jasper-runtime/5.5.23/jasper-runtime-5.5.23.jar:/home/cloudera/.m2/repository/org/jamon/jamon-runtime/2.4.1/jamon-runtime-2.4.1.jar:/home/cloudera/.m2/repository/com/lmax/disruptor/3.3.0/disruptor-3.3.0.jar:/home/cloudera/.m2/repository/org/owasp/esapi/esapi/2.1.0/esapi-2.1.0.jar:/home/cloudera/.m2/repository/commons-beanutils/commons-beanutils-core/1.7.0/commons-beanutils-core-1.7.0.jar:/home/cloudera/.m2/repository/commons-fileupload/commons-fileupload/1.2/commons-fileupload-1.2.jar:/home/cloudera/.m2/repository/xom/xom/1.2.5/xom-1.2.5.jar:/home/cloudera/.m2/repository/xml-apis/xml-apis/1.3.03/xml-apis-1.3.03.jar:/home/cloudera/.m2/repository/xalan/xalan/2.7.0/xalan-2.7.0.jar:/home/cloudera/.m2/repository/org/beanshell/bsh-core/2.0b4/bsh-core-2.0b4.jar:/home/cloudera/.m2/repository/org/owasp/antisamy/antisamy/1.4.3/antisamy-1.4.3.jar:/home/cloudera/.m2/repository/org/apache/xmlgraphics/batik-css/1.7/batik-css-1.7.jar:/home/cloudera/.m2/repository/org/apache/xmlgraphics/batik-ext/1.7/batik-ext-1.7.jar:/home/cloudera/.m2/repository/org/apache/xmlgraphics/batik-util/1.7/batik-util-1.7.jar:/home/cloudera/.m2/repository/xml-apis/xml-apis-ext/1.3.04/xml-apis-ext-1.3.04.jar:/home/cloudera/.m2/repository/net/sourceforge/nekohtml/nekohtml/1.9.12/nekohtml-1.9.12.jar:/home/cloudera/.m2/repository/org/apache/hadoop/hadoop-client/2.5.1/hadoop-client-2.5.1.jar:/home/cloudera/.m2/repository/org/apache/hadoop/hadoop-mapreduce-client-app/2.5.1/hadoop-mapreduce-client-app-2.5.1.jar:/home/cloudera/.m2/repository/org/apache/hadoop/hadoop-mapreduce-client-common/2.5.1/hadoop-mapreduce-client-common-2.5.1.jar:/home/cloudera/.m2/repository/org/apache/hadoop/hadoop-yarn-client/2.5.1/hadoop-yarn-client-2.5.1.jar:/home/cloudera/.m2/repository/com/sun/jersey/jersey-client/1.9/jersey-client-1.9.jar:/home/cloudera/.m2/repository/org/apache/hadoop/hadoop-yarn-server-common/2.5.1/hadoop-yarn-server-common-2.5.1.jar:/home/cloudera/.m2/repository/org/apache/hadoop/hadoop-mapreduce-client-shuffle/2.5.1/hadoop-mapreduce-client-shuffle-2.5.1.jar:/home/cloudera/.m2/repository/org/apache/hadoop/hadoop-yarn-api/2.5.1/hadoop-yarn-api-2.5.1.jar:/home/cloudera/.m2/repository/org/apache/hadoop/hadoop-mapreduce-client-jobclient/2.5.1/hadoop-mapreduce-client-jobclient-2.5.1.jar:/home/cloudera/.m2/repository/org/apache/hadoop/hadoop-hdfs/2.5.1/hadoop-hdfs-2.5.1.jar:/home/cloudera/.m2/repository/commons-daemon/commons-daemon/1.0.13/commons-daemon-1.0.13.jar:/home/cloudera/.m2/repository/org/apache/hbase/hbase-common/1.2.0/hbase-common-1.2.0.jar:/home/cloudera/.m2/repository/junit/junit/4.11/junit-4.11.jar:/home/cloudera/.m2/repository/org/hamcrest/hamcrest-core/1.3/hamcrest-core-1.3.jar:/home/cloudera/.m2/repository/org/apache/kafka/kafka-clients/0.10.2.2/kafka-clients-0.10.2.2.jar:/home/cloudera/.m2/repository/net/jpountz/lz4/lz4/1.3.0/lz4-1.3.0.jar:/home/cloudera/.m2/repository/org/xerial/snappy/snappy-java/1.1.2.6/snappy-java-1.1.2.6.jar:/home/cloudera/.m2/repository/org/slf4j/slf4j-api/1.7.21/slf4j-api-1.7.21.jar:/home/cloudera/.m2/repository/org/apache/logging/log4j/log4j-core/2.11.2/log4j-core-2.11.2.jar:/home/cloudera/.m2/repository/org/apache/logging/log4j/log4j-api/2.11.2/log4j-api-2.11.2.jar:/home/cloudera/.m2/repository/org/apache/spark/spark-streaming-kafka-0-10_2.11/2.2.0/spark-streaming-kafka-0-10_2.11-2.2.0.jar:/home/cloudera/.m2/repository/org/apache/kafka/kafka_2.11/0.10.0.1/kafka_2.11-0.10.0.1.jar:/home/cloudera/.m2/repository/com/101tec/zkclient/0.8/zkclient-0.8.jar:/home/cloudera/.m2/repository/org/scala-lang/modules/scala-parser-combinators_2.11/1.0.4/scala-parser-combinators_2.11-1.0.4.jar:/home/cloudera/.m2/repository/org/apache/spark/spark-tags_2.11/2.2.0/spark-tags_2.11-2.2.0.jar:/home/cloudera/.m2/repository/org/spark-project/spark/unused/1.0.0/unused-1.0.0.jar:/home/cloudera/.m2/repository/org/apache/spark/spark-core_2.11/1.6.0/spark-core_2.11-1.6.0.jar:/home/cloudera/.m2/repository/org/apache/avro/avro-mapred/1.7.7/avro-mapred-1.7.7-hadoop2.jar:/home/cloudera/.m2/repository/org/apache/avro/avro-ipc/1.7.7/avro-ipc-1.7.7.jar:/home/cloudera/.m2/repository/org/apache/avro/avro-ipc/1.7.7/avro-ipc-1.7.7-tests.jar:/home/cloudera/.m2/repository/com/twitter/chill_2.11/0.5.0/chill_2.11-0.5.0.jar:/home/cloudera/.m2/repository/com/esotericsoftware/kryo/kryo/2.21/kryo-2.21.jar:/home/cloudera/.m2/repository/com/esotericsoftware/reflectasm/reflectasm/1.07/reflectasm-1.07-shaded.jar:/home/cloudera/.m2/repository/com/esotericsoftware/minlog/minlog/1.2/minlog-1.2.jar:/home/cloudera/.m2/repository/org/objenesis/objenesis/1.2/objenesis-1.2.jar:/home/cloudera/.m2/repository/com/twitter/chill-java/0.5.0/chill-java-0.5.0.jar:/home/cloudera/.m2/repository/org/apache/xbean/xbean-asm5-shaded/4.4/xbean-asm5-shaded-4.4.jar:/home/cloudera/.m2/repository/org/apache/spark/spark-launcher_2.11/1.6.0/spark-launcher_2.11-1.6.0.jar:/home/cloudera/.m2/repository/org/apache/spark/spark-network-common_2.11/1.6.0/spark-network-common_2.11-1.6.0.jar:/home/cloudera/.m2/repository/org/apache/spark/spark-network-shuffle_2.11/1.6.0/spark-network-shuffle_2.11-1.6.0.jar:/home/cloudera/.m2/repository/org/fusesource/leveldbjni/leveldbjni-all/1.8/leveldbjni-all-1.8.jar:/home/cloudera/.m2/repository/com/fasterxml/jackson/core/jackson-annotations/2.4.4/jackson-annotations-2.4.4.jar:/home/cloudera/.m2/repository/org/apache/spark/spark-unsafe_2.11/1.6.0/spark-unsafe_2.11-1.6.0.jar:/home/cloudera/.m2/repository/net/java/dev/jets3t/jets3t/0.7.1/jets3t-0.7.1.jar:/home/cloudera/.m2/repository/org/apache/curator/curator-recipes/2.4.0/curator-recipes-2.4.0.jar:/home/cloudera/.m2/repository/org/apache/curator/curator-framework/2.4.0/curator-framework-2.4.0.jar:/home/cloudera/.m2/repository/org/apache/curator/curator-client/2.4.0/curator-client-2.4.0.jar:/home/cloudera/.m2/repository/org/eclipse/jetty/orbit/javax.servlet/3.0.0.v201112011016/javax.servlet-3.0.0.v201112011016.jar:/home/cloudera/.m2/repository/org/apache/commons/commons-lang3/3.3.2/commons-lang3-3.3.2.jar:/home/cloudera/.m2/repository/org/apache/commons/commons-math3/3.4.1/commons-math3-3.4.1.jar:/home/cloudera/.m2/repository/com/google/code/findbugs/jsr305/1.3.9/jsr305-1.3.9.jar:/home/cloudera/.m2/repository/org/slf4j/jul-to-slf4j/1.7.10/jul-to-slf4j-1.7.10.jar:/home/cloudera/.m2/repository/org/slf4j/jcl-over-slf4j/1.7.10/jcl-over-slf4j-1.7.10.jar:/home/cloudera/.m2/repository/org/slf4j/slf4j-log4j12/1.7.10/slf4j-log4j12-1.7.10.jar:/home/cloudera/.m2/repository/com/ning/compress-lzf/1.0.3/compress-lzf-1.0.3.jar:/home/cloudera/.m2/repository/org/roaringbitmap/RoaringBitmap/0.5.11/RoaringBitmap-0.5.11.jar:/home/cloudera/.m2/repository/commons-net/commons-net/2.2/commons-net-2.2.jar:/home/cloudera/.m2/repository/com/typesafe/akka/akka-remote_2.11/2.3.11/akka-remote_2.11-2.3.11.jar:/home/cloudera/.m2/repository/com/typesafe/akka/akka-actor_2.11/2.3.11/akka-actor_2.11-2.3.11.jar:/home/cloudera/.m2/repository/com/typesafe/config/1.2.1/config-1.2.1.jar:/home/cloudera/.m2/repository/org/uncommons/maths/uncommons-maths/1.2.2a/uncommons-maths-1.2.2a.jar:/home/cloudera/.m2/repository/com/typesafe/akka/akka-slf4j_2.11/2.3.11/akka-slf4j_2.11-2.3.11.jar:/home/cloudera/.m2/repository/org/scala-lang/scala-library/2.11.7/scala-library-2.11.7.jar:/home/cloudera/.m2/repository/org/json4s/json4s-jackson_2.11/3.2.10/json4s-jackson_2.11-3.2.10.jar:/home/cloudera/.m2/repository/org/json4s/json4s-core_2.11/3.2.10/json4s-core_2.11-3.2.10.jar:/home/cloudera/.m2/repository/org/json4s/json4s-ast_2.11/3.2.10/json4s-ast_2.11-3.2.10.jar:/home/cloudera/.m2/repository/org/scala-lang/scalap/2.11.0/scalap-2.11.0.jar:/home/cloudera/.m2/repository/org/scala-lang/scala-compiler/2.11.0/scala-compiler-2.11.0.jar:/home/cloudera/.m2/repository/org/scala-lang/modules/scala-xml_2.11/1.0.1/scala-xml_2.11-1.0.1.jar:/home/cloudera/.m2/repository/org/apache/mesos/mesos/0.21.1/mesos-0.21.1-shaded-protobuf.jar:/home/cloudera/.m2/repository/com/clearspring/analytics/stream/2.7.0/stream-2.7.0.jar:/home/cloudera/.m2/repository/io/dropwizard/metrics/metrics-core/3.1.2/metrics-core-3.1.2.jar:/home/cloudera/.m2/repository/io/dropwizard/metrics/metrics-jvm/3.1.2/metrics-jvm-3.1.2.jar:/home/cloudera/.m2/repository/io/dropwizard/metrics/metrics-json/3.1.2/metrics-json-3.1.2.jar:/home/cloudera/.m2/repository/io/dropwizard/metrics/metrics-graphite/3.1.2/metrics-graphite-3.1.2.jar:/home/cloudera/.m2/repository/com/fasterxml/jackson/core/jackson-databind/2.4.4/jackson-databind-2.4.4.jar:/home/cloudera/.m2/repository/com/fasterxml/jackson/core/jackson-core/2.4.4/jackson-core-2.4.4.jar:/home/cloudera/.m2/repository/com/fasterxml/jackson/module/jackson-module-scala_2.11/2.4.4/jackson-module-scala_2.11-2.4.4.jar:/home/cloudera/.m2/repository/org/scala-lang/scala-reflect/2.11.2/scala-reflect-2.11.2.jar:/home/cloudera/.m2/repository/com/thoughtworks/paranamer/paranamer/2.6/paranamer-2.6.jar:/home/cloudera/.m2/repository/org/apache/ivy/ivy/2.4.0/ivy-2.4.0.jar:/home/cloudera/.m2/repository/oro/oro/2.0.8/oro-2.0.8.jar:/home/cloudera/.m2/repository/org/tachyonproject/tachyon-client/0.8.2/tachyon-client-0.8.2.jar:/home/cloudera/.m2/repository/org/tachyonproject/tachyon-underfs-hdfs/0.8.2/tachyon-underfs-hdfs-0.8.2.jar:/home/cloudera/.m2/repository/org/tachyonproject/tachyon-underfs-s3/0.8.2/tachyon-underfs-s3-0.8.2.jar:/home/cloudera/.m2/repository/org/tachyonproject/tachyon-underfs-local/0.8.2/tachyon-underfs-local-0.8.2.jar:/home/cloudera/.m2/repository/net/razorvine/pyrolite/4.9/pyrolite-4.9.jar:/home/cloudera/.m2/repository/net/sf/py4j/py4j/0.9/py4j-0.9.jar:"/>
    <property name="sun.cpu.endian" value="little"/>
    <property name="user.home" value="/home/cloudera"/>
    <property name="user.language" value="en"/>
    <property name="java.specification.vendor" value="Oracle Corporation"/>
    <property name="java.home" value="/usr/java/jdk1.8.0_221/jre"/>
    <property name="basedir" value="/home/cloudera/Downloads/KafkaDemo"/>
    <property name="file.separator" value="/"/>
    <property name="line.separator" value="&#10;"/>
    <property name="java.vm.specification.vendor" value="Oracle Corporation"/>
    <property name="java.specification.name" value="Java Platform API Specification"/>
    <property name="java.awt.graphicsenv" value="sun.awt.X11GraphicsEnvironment"/>
    <property name="surefire.real.class.path" value="/home/cloudera/Downloads/KafkaDemo/target/surefire/surefirebooter7853032474759270097.jar"/>
    <property name="sun.boot.class.path" value="/usr/java/jdk1.8.0_221/jre/lib/resources.jar:/usr/java/jdk1.8.0_221/jre/lib/rt.jar:/usr/java/jdk1.8.0_221/jre/lib/sunrsasign.jar:/usr/java/jdk1.8.0_221/jre/lib/jsse.jar:/usr/java/jdk1.8.0_221/jre/lib/jce.jar:/usr/java/jdk1.8.0_221/jre/lib/charsets.jar:/usr/java/jdk1.8.0_221/jre/lib/jfr.jar:/usr/java/jdk1.8.0_221/jre/classes"/>
    <property name="sun.management.compiler" value="HotSpot 64-Bit Tiered Compilers"/>
    <property name="java.runtime.version" value="1.8.0_221-b11"/>
    <property name="user.name" value="cloudera"/>
    <property name="path.separator" value=":"/>
    <property name="os.version" value="2.6.32-754.18.2.el6.x86_64"/>
    <property name="java.endorsed.dirs" value="/usr/java/jdk1.8.0_221/jre/lib/endorsed"/>
    <property name="java.runtime.name" value="Java(TM) SE Runtime Environment"/>
    <property name="file.encoding" value="UTF-8"/>
    <property name="java.vm.name" value="Java HotSpot(TM) 64-Bit Server VM"/>
    <property name="localRepository" value="/home/cloudera/.m2/repository"/>
    <property name="java.vendor.url.bug" value="http://bugreport.sun.com/bugreport/"/>
    <property name="java.io.tmpdir" value="/tmp"/>
    <property name="java.version" value="1.8.0_221"/>
    <property name="user.dir" value="/home/cloudera/Downloads/KafkaDemo"/>
    <property name="os.arch" value="amd64"/>
    <property name="java.vm.specification.name" value="Java Virtual Machine Specification"/>
    <property name="java.awt.printerjob" value="sun.print.PSPrinterJob"/>
    <property name="sun.os.patch.level" value="unknown"/>
    <property name="java.library.path" value="/usr/java/packages/lib/amd64:/usr/lib64:/lib64:/lib:/usr/lib"/>
    <property name="java.vm.info" value="mixed mode"/>
    <property name="java.vendor" value="Oracle Corporation"/>
    <property name="java.vm.version" value="25.221-b11"/>
    <property name="java.ext.dirs" value="/usr/java/jdk1.8.0_221/jre/lib/ext:/usr/java/packages/lib/ext"/>
    <property name="sun.io.unicode.encoding" value="UnicodeLittle"/>
    <property name="java.class.version" value="52.0"/>
  </properties>
  <testcase name="shouldAnswerWithTrue" classname="cs523.YouTubeVideoTrendingKafka.AppTest" time="0.003"/>
</testsuite>